0 info it worked if it ends with ok
1 verbose cli [ '/home/dovbohraj/.nvm/versions/node/v6.3.1/bin/node',
1 verbose cli   '/home/dovbohraj/.nvm/versions/node/v6.3.1/bin/npm',
1 verbose cli   'start' ]
2 info using npm@3.10.3
3 info using node@v6.3.1
4 verbose run-script [ 'prestart', 'start', 'poststart' ]
5 info lifecycle shelter1@1.0.0~prestart: shelter1@1.0.0
6 silly lifecycle shelter1@1.0.0~prestart: no script for prestart, continuing
7 info lifecycle shelter1@1.0.0~start: shelter1@1.0.0
8 verbose lifecycle shelter1@1.0.0~start: unsafe-perm in lifecycle true
9 verbose lifecycle shelter1@1.0.0~start: PATH: /home/dovbohraj/.nvm/versions/node/v6.3.1/lib/node_modules/npm/bin/node-gyp-bin:/home/dovbohraj/Desktop/shelter1/node_modules/.bin:/home/dovbohraj/.nvm/versions/node/v6.3.1/bin:/usr/local/bin/node:/home/dovbohraj/.nvm/versions/node/v6.3.1/bin:/usr/local/share/npm/bin:/home/dovbohraj/.rvm/gems/ruby-2.3.0/bin:/usr/local/heroku/bin:./node_modules/.bin:/usr/local/share/npm/bin:/home/dovbohraj/.rvm/gems/ruby-2.3.0/bin:/usr/local/heroku/bin:./node_modules/.bin:/home/dovbohraj/.rvm/gems/ruby-2.3.0/bin:/home/dovbohraj/.rvm/gems/ruby-2.3.0@global/bin:/home/dovbohraj/.rvm/rubies/ruby-2.3.0/bin:/usr/local/sbin:/usr/local/bin:/usr/sbin:/usr/bin:/sbin:/bin:/usr/games:/usr/local/games:/usr/local/android-studio/bin//tools:/usr/local/android-studio/bin//platform-tools:/home/dovbohraj/.rvm/bin:/usr/local/android-studio/bin//tools:/usr/local/android-studio/bin//platform-tools:/home/dovbohraj/.rvm/bin:/home/dovbohraj/.fzf/bin:/usr/local/android-studio/bin//tools:/usr/local/android-studio/bin//platform-tools:/home/dovbohraj/.rvm/bin:/home/dovbohraj/.rvm/bin
10 verbose lifecycle shelter1@1.0.0~start: CWD: /home/dovbohraj/Desktop/shelter1
11 silly lifecycle shelter1@1.0.0~start: Args: [ '-c', 'webpack-dev-server --hot' ]
12 silly lifecycle shelter1@1.0.0~start: Returned: code: 1  signal: null
13 info lifecycle shelter1@1.0.0~start: Failed to exec start script
14 verbose stack Error: shelter1@1.0.0 start: `webpack-dev-server --hot`
14 verbose stack Exit status 1
14 verbose stack     at EventEmitter.<anonymous> (/home/dovbohraj/.nvm/versions/node/v6.3.1/lib/node_modules/npm/lib/utils/lifecycle.js:242:16)
14 verbose stack     at emitTwo (events.js:106:13)
14 verbose stack     at EventEmitter.emit (events.js:191:7)
14 verbose stack     at ChildProcess.<anonymous> (/home/dovbohraj/.nvm/versions/node/v6.3.1/lib/node_modules/npm/lib/utils/spawn.js:40:14)
14 verbose stack     at emitTwo (events.js:106:13)
14 verbose stack     at ChildProcess.emit (events.js:191:7)
14 verbose stack     at maybeClose (internal/child_process.js:852:16)
14 verbose stack     at Process.ChildProcess._handle.onexit (internal/child_process.js:215:5)
15 verbose pkgid shelter1@1.0.0
16 verbose cwd /home/dovbohraj/Desktop/shelter1
17 error Linux 3.19.0-33-generic
18 error argv "/home/dovbohraj/.nvm/versions/node/v6.3.1/bin/node" "/home/dovbohraj/.nvm/versions/node/v6.3.1/bin/npm" "start"
19 error node v6.3.1
20 error npm  v3.10.3
21 error code ELIFECYCLE
22 error shelter1@1.0.0 start: `webpack-dev-server --hot`
22 error Exit status 1
23 error Failed at the shelter1@1.0.0 start script 'webpack-dev-server --hot'.
23 error Make sure you have the latest version of node.js and npm installed.
23 error If you do, this is most likely a problem with the shelter1 package,
23 error not with npm itself.
23 error Tell the author that this fails on your system:
23 error     webpack-dev-server --hot
23 error You can get information on how to open an issue for this project with:
23 error     npm bugs shelter1
23 error Or if that isn't available, you can get their info via:
23 error     npm owner ls shelter1
23 error There is likely additional logging output above.
24 verbose exit [ 1, true ]
